<?xml version="1.0" encoding="UTF-8"?>
<!-- Generated by org.testng.reporters.JUnitReportReporter -->
<testsuite hostname="DESKTOP-E27VPVB" failures="0" tests="2" name="com.eva.AutomationPractice.ScrollupDownTestScript" time="42.207" errors="0" timestamp="2024-05-22T08:30:13 IST" skipped="0">
  <testcase classname="com.eva.AutomationPractice.ScrollupDownTestScript" name="ScrollupDownwithoutarrow" time="19.635"/>
  <testcase classname="com.eva.AutomationPractice.ScrollupDownTestScript" name="ScrollupDown" time="22.572"/>
</testsuite> <!-- com.eva.AutomationPractice.ScrollupDownTestScript -->
